<?xml version="1.0" encoding="UTF-8"?>
<!-- Generated by org.testng.reporters.JUnitReportReporter -->
<testsuite hostname="PRADEEP" failures="0" tests="2" name="com.restassuredtesting.StudentsPostRequest" time="2.270" errors="0" timestamp="2023-07-07T14:56:03 IST" skipped="0">
  <testcase classname="com.restassuredtesting.StudentsPostRequest" name="testPostStudentJSONFile" time="2.217"/>
  <testcase classname="com.restassuredtesting.StudentsPostRequest" name="deleteStudent" time="0.053"/>
</testsuite> <!-- com.restassuredtesting.StudentsPostRequest -->
