<?xml version="1.0" encoding="UTF-8"?>
<!-- Generated by org.testng.reporters.JUnitReportReporter -->
<testsuite hostname="PRADEEP" failures="0" tests="1" name="apichaining.DeleteUser" time="0.255" errors="0" timestamp="2023-07-10T04:19:26 IST" skipped="0">
  <testcase classname="apichaining.DeleteUser" name="testDeleteUSer" time="0.255"/>
</testsuite> <!-- apichaining.DeleteUser -->
