<?xml version="1.0" encoding="UTF-8"?>
<!-- Generated by org.testng.reporters.JUnitReportReporter -->
<testsuite hostname="PRADEEP" failures="0" tests="1" name="com.restassuredtesting.FakeDataGenerator" time="0.220" errors="0" timestamp="2023-07-09T23:26:48 IST" skipped="0">
  <testcase classname="com.restassuredtesting.FakeDataGenerator" name="testGenerateDummyData" time="0.220"/>
</testsuite> <!-- com.restassuredtesting.FakeDataGenerator -->
