<?xml version="1.0" encoding="UTF-8"?>
<!-- Generated by org.testng.reporters.JUnitReportReporter -->
<testsuite hostname="PRADEEP" failures="0" tests="1" name="apichaining.GetUser" time="0.261" errors="0" timestamp="2023-07-10T04:19:26 IST" skipped="0">
  <testcase classname="apichaining.GetUser" name="testGetUser" time="0.261"/>
</testsuite> <!-- apichaining.GetUser -->
