<?xml version="1.0" encoding="UTF-8"?>
<!-- Generated by org.testng.reporters.JUnitReportReporter -->
<testsuite hostname="PRADEEP" failures="0" tests="1" name="com.restassuredtesting.JSONSchemaValidation" time="1.507" errors="0" timestamp="2023-07-08T16:03:20 IST" skipped="0">
  <testcase classname="com.restassuredtesting.JSONSchemaValidation" name="jsonSchemaValidation" time="1.507"/>
</testsuite> <!-- com.restassuredtesting.JSONSchemaValidation -->
