<?xml version="1.0" encoding="UTF-8"?>
<!-- Generated by org.testng.reporters.JUnitReportReporter -->
<testsuite hostname="PRADEEP" failures="0" tests="2" name="com.restassuredtesting.CookiesDemo" time="2.718" errors="0" timestamp="2023-07-07T17:47:41 IST" skipped="0">
  <testcase classname="com.restassuredtesting.CookiesDemo" name="getCookiesInfo" time="1.915"/>
  <testcase classname="com.restassuredtesting.CookiesDemo" name="testCookies" time="0.803"/>
</testsuite> <!-- com.restassuredtesting.CookiesDemo -->
