<?xml version="1.0" encoding="UTF-8"?>
<!-- Generated by org.testng.reporters.JUnitReportReporter -->
<testsuite hostname="PRADEEP" failures="0" tests="1" name="com.restassuredtesting.QueryAndPathParameters" time="1.304" errors="0" timestamp="2023-07-08T14:15:01 IST" skipped="0">
  <testcase classname="com.restassuredtesting.QueryAndPathParameters" name="testQueryAndPathPara" time="1.304"/>
</testsuite> <!-- com.restassuredtesting.QueryAndPathParameters -->
