<?xml version="1.0" encoding="UTF-8"?>
<!-- Generated by org.testng.reporters.JUnitReportReporter -->
<testsuite hostname="PRADEEP" failures="0" tests="1" name="com.restassuredtesting.AuthenticationTest" time="1.899" errors="0" timestamp="2023-07-09T18:23:32 IST" skipped="0">
  <testcase classname="com.restassuredtesting.AuthenticationTest" name="testBearerTokenAuthentication" time="1.899"/>
</testsuite> <!-- com.restassuredtesting.AuthenticationTest -->
