<?xml version="1.0" encoding="UTF-8"?>
<!-- Generated by org.testng.reporters.JUnitReportReporter -->
<testsuite hostname="PRADEEP" failures="0" tests="1" name="com.restassuredtesting.LogMethodDemo" time="1.827" errors="0" timestamp="2023-07-08T11:33:56 IST" skipped="0">
  <testcase classname="com.restassuredtesting.LogMethodDemo" name="testLogs" time="1.827"/>
</testsuite> <!-- com.restassuredtesting.LogMethodDemo -->
