<?xml version="1.0" encoding="UTF-8"?>
<!-- Generated by org.testng.reporters.JUnitReportReporter -->
<testsuite hostname="PRADEEP" failures="0" tests="1" name="apichaining.UpdateUser" time="0.223" errors="0" timestamp="2023-07-10T04:19:26 IST" skipped="0">
  <testcase classname="apichaining.UpdateUser" name="testUpdateUser" time="0.223"/>
</testsuite> <!-- apichaining.UpdateUser -->
