<?xml version="1.0" encoding="UTF-8"?>
<!-- Generated by org.testng.reporters.JUnitReportReporter -->
<testsuite hostname="PRADEEP" failures="0" tests="1" name="apichaining.CreateUser" time="2.159" errors="0" timestamp="2023-07-10T04:19:26 IST" skipped="0">
  <testcase classname="apichaining.CreateUser" name="testCreateUser" time="2.159"/>
</testsuite> <!-- apichaining.CreateUser -->
