<?xml version="1.0" encoding="UTF-8"?>
<!-- Generated by org.testng.reporters.JUnitReportReporter -->
<testsuite hostname="PRADEEP" failures="0" tests="2" name="com.restassuredtesting.FileUploadAndDownload" time="1.707" errors="0" timestamp="2023-07-08T15:38:12 IST" skipped="0">
  <testcase classname="com.restassuredtesting.FileUploadAndDownload" name="singleFileUpload" time="1.674"/>
  <testcase classname="com.restassuredtesting.FileUploadAndDownload" name="fileDownload" time="0.033"/>
</testsuite> <!-- com.restassuredtesting.FileUploadAndDownload -->
