<?xml version="1.0" encoding="UTF-8"?>
<!-- Generated by org.testng.reporters.JUnitReportReporter -->
<testsuite hostname="PRADEEP" failures="0" tests="2" name="com.restassuredtesting.HeadersDemo" time="2.974" errors="0" timestamp="2023-07-08T11:28:26 IST" skipped="0">
  <testcase classname="com.restassuredtesting.HeadersDemo" name="getHeaders" time="2.121"/>
  <testcase classname="com.restassuredtesting.HeadersDemo" name="testHeaders" time="0.853"/>
</testsuite> <!-- com.restassuredtesting.HeadersDemo -->
