<?xml version="1.0" encoding="UTF-8"?>
<!-- Generated by org.testng.reporters.JUnitReportReporter -->
<testsuite hostname="PRADEEP" failures="0" tests="1" name="com.restassuredtesting.SerializeDesrialization" time="0.247" errors="0" timestamp="2023-07-08T16:43:05 IST" skipped="0">
  <testcase classname="com.restassuredtesting.SerializeDesrialization" name="convertJson2POJO" time="0.247"/>
</testsuite> <!-- com.restassuredtesting.SerializeDesrialization -->
