<?xml version="1.0" encoding="UTF-8"?>
<!-- Generated by org.testng.reporters.JUnitReportReporter -->
<testsuite hostname="PRADEEP" failures="0" tests="1" name="com.restassuredtesting.JSONResponseParsing" time="1.869" errors="0" timestamp="2023-07-08T13:35:01 IST" skipped="0">
  <testcase classname="com.restassuredtesting.JSONResponseParsing" name="testJsonResponse" time="1.869"/>
</testsuite> <!-- com.restassuredtesting.JSONResponseParsing -->
