<?xml version="1.0" encoding="UTF-8"?>
<!-- Generated by org.testng.reporters.JUnitReportReporter -->
<testsuite hostname="PRADEEP" failures="0" tests="4" name="com.restassuredtesting.HTTPRequests" time="9.073" errors="0" timestamp="2023-07-07T12:15:09 IST" skipped="0">
  <testcase classname="com.restassuredtesting.HTTPRequests" name="getListOfUsers" time="3.281"/>
  <testcase classname="com.restassuredtesting.HTTPRequests" name="createUser" time="2.547"/>
  <testcase classname="com.restassuredtesting.HTTPRequests" name="updateUser" time="1.828"/>
  <testcase classname="com.restassuredtesting.HTTPRequests" name="deleteUse" time="1.417"/>
</testsuite> <!-- com.restassuredtesting.HTTPRequests -->
